,number,value,params_batch_size,params_cgcnn_num,params_cgcnn_num2,params_clipnorm,params_embedding_size,params_lr,params_softmax_beta,state
0,0,inf,20,3,3,1.0594618933244868,88,3.846637435465034e-08,48.87932143991127,COMPLETE
1,1,54463916.0,20,1,1,2281.4670905956623,92,6.269522291616168e-08,57.01773223313455,COMPLETE
2,2,1.8321699964925668e+31,52,3,5,451.6974870668008,72,2.313899566360554e-08,249846.85283403113,COMPLETE
3,3,inf,4,4,2,598.7193282994361,20,8.822942582947112e-06,227976.36828820157,COMPLETE
4,4,2.8824478767051933e+25,64,4,3,125.92013392875779,52,3.697373837729576e-07,33416460.90736011,COMPLETE
5,5,1.8855843544006348,24,1,3,9.979565089652766,12,0.0005052682446555065,4095.269018504487,COMPLETE
6,6,1.9194051190926043e+27,56,5,2,1.0072188325860203,28,3.3871687631321416e-06,13.752222546629804,COMPLETE
7,7,inf,12,1,5,12.391722269216555,92,0.0002500784277063799,209279.17277522612,COMPLETE
8,8,inf,20,2,5,6.537720394005904,28,2.3900283437528023e-08,34.44085410532269,COMPLETE
9,9,inf,8,3,3,11.001149995984518,24,0.00029597495338496284,346.58241000335306,COMPLETE
10,10,inf,16,2,2,33.351732522104044,104,1.3162107479495526e-08,38310.34149668151,COMPLETE
11,11,inf,28,5,5,7.932314910380994,100,1.5045357100343237e-07,1243906.8807254634,COMPLETE
12,12,inf,8,4,4,1799.066035270227,52,0.004985240039645464,36554.38260884747,COMPLETE
13,13,inf,60,5,3,1359.6933546246048,76,2.5167479045653375e-07,152.45334872979063,COMPLETE
14,14,0.797804594039917,24,1,1,402.2741911919866,60,0.0029592371115245435,299.56622529879854,COMPLETE
15,15,inf,48,4,3,53.89300428821026,12,0.0022047618581622222,394232.6094799527,COMPLETE
16,16,5.184091567993164,32,2,2,268.97232254773274,96,0.0017430160245912611,7675.556606831357,COMPLETE
17,17,inf,16,3,4,7.4273237388392905,76,0.007795367493362027,19704358.17959361,COMPLETE
18,18,inf,32,4,2,2688.1228227474594,92,2.617178840284673e-08,15578.461505262843,COMPLETE
19,19,6.82156750105949e+18,40,4,1,4894.795941444444,128,6.8812182971820215e-06,86420447.15831055,COMPLETE
20,20,inf,64,4,1,194.2700290004352,48,2.9793604829638534e-06,67831246.44048874,COMPLETE
21,21,inf,64,4,1,205.0656901517867,48,3.4972635875887913e-06,23824776.65475866,COMPLETE
22,22,inf,44,5,2,1.232164351624599,52,3.3210044503610905e-06,5.337300711546663,COMPLETE
23,23,inf,44,5,1,1.3168678622775845,48,4.917995262836563e-06,1784.9752446530142,COMPLETE
24,24,5.9281109770013224e+26,44,5,2,1.4541763846150997,48,2.738457301827543e-05,2.1120467825989926,COMPLETE
25,25,inf,36,1,4,739.6426305577164,52,4.124057441194358e-05,1491.0559339105962,COMPLETE
26,26,inf,44,1,1,697.7651739622135,120,7.087533047935821e-05,1385.365950311229,COMPLETE
27,27,inf,40,1,1,718.5490766591903,60,3.304614960512442e-05,1469.0762784634258,COMPLETE
28,28,inf,36,1,4,6185.082653816184,128,3.223034343808277e-05,1.6244694432631586,COMPLETE
29,29,inf,36,1,4,9168.89070645438,128,4.5405853238865895e-07,940.3807123959547,COMPLETE
30,30,inf,36,2,2,7472.224326477919,36,3.1038666293701544e-05,2315.2129020405246,COMPLETE
31,31,95016236089344.0,28,2,2,6542.009732496226,36,4.578967804603042e-07,1.2229711251343827,COMPLETE
32,32,inf,24,2,2,102.931625509742,36,7.173629667814942e-07,1.6430997951278787,COMPLETE
33,33,inf,28,2,2,9275.63511922017,120,0.000969406223509967,3521237.3341171634,COMPLETE
34,34,inf,24,2,2,175.38315225776068,112,0.0011619338354833591,2711707.787186016,COMPLETE
35,35,inf,28,2,2,121.21553970205227,64,0.0009242065346886463,1393486.3217291443,COMPLETE
36,36,inf,28,2,2,133.4837430898973,68,0.0010208723383087197,2996571.0030893274,COMPLETE
37,37,inf,28,2,1,123.16164766000564,64,0.0012031033349128287,1493635.252518666,COMPLETE
38,38,inf,28,2,3,244.63490516479357,64,0.0011802037338810123,4319573.399708872,COMPLETE
39,39,inf,24,2,3,41.91052373719254,84,0.0009185150207437705,6656.663694822242,COMPLETE
40,40,inf,56,3,3,39.33426369677282,84,0.00037035311807369597,143.43066900465664,COMPLETE
41,41,8.507716729428361e+22,52,3,3,338.0805948634486,84,0.00023136456056771637,137.91317815827873,COMPLETE
42,42,inf,52,3,3,60.980849339319455,80,6.96661539643567e-08,7841.952391981971,COMPLETE
43,43,inf,52,3,3,385.2037522043154,84,0.00020246713028251284,7205.134409988397,COMPLETE
44,44,7.834426783696621e+22,52,3,3,43.5672059519257,84,0.0003038769046741727,83.4001193498583,COMPLETE
45,45,inf,52,4,1,344.4108361683128,40,6.178868505988951e-08,5.485307610691881,COMPLETE
46,46,inf,20,5,1,422.75357124245363,36,0.003324828807906036,11.236175450753056,COMPLETE
47,47,inf,20,5,1,22.22105731234082,36,1.0252324522508303e-06,18.165865710827138,COMPLETE
48,48,inf,20,4,1,21.85337372369886,40,0.0001235635622481041,52.02951938085893,COMPLETE
49,49,inf,56,4,1,21.07773757749564,100,0.0032419613421183144,34.4462549703353,COMPLETE
50,50,inf,60,5,2,18.825767011511626,92,0.004239691750959221,34.88479761257384,COMPLETE
51,51,inf,60,3,3,18.083413031665604,96,0.004073240598758837,52.22585686803218,COMPLETE
52,52,inf,60,3,3,1242.3557365860324,96,9.880552626998552e-05,122.23887210395527,COMPLETE
53,53,inf,60,3,3,1153.2680596528492,96,0.00014396403494090022,102.4104923195915,COMPLETE
54,54,inf,60,3,4,61.33087269065259,72,0.00042925835677537494,512.4025220504914,COMPLETE
55,55,inf,60,3,4,61.104426188616216,92,0.009304485271415324,429.7732500339933,COMPLETE
56,56,inf,48,3,4,61.92457210453928,72,0.00941291711093755,421.08038556757333,COMPLETE
57,57,inf,48,3,3,1203.155402481385,72,0.009847054532899528,439.90121833601296,COMPLETE
58,58,inf,48,3,4,71.33002659039005,72,0.0004521219111176121,280.7778819453658,COMPLETE
59,59,inf,48,3,4,67.23505199753909,76,0.009710456404417795,60440.095001462905,COMPLETE
60,60,inf,48,4,3,2.7422485443179516,108,1.1841757517629908e-05,302.56776131565334,COMPLETE
61,61,inf,48,4,3,4.6049219923518,56,8.04843631744861e-06,34253.38167152903,COMPLETE
62,62,inf,48,4,3,3.9427637371393187,80,1.42210047237135e-05,89718.76368731336,COMPLETE
63,63,inf,40,4,2,1.9155468403773535,56,1.4299513004576927e-05,57195.440596308654,COMPLETE
64,64,inf,40,4,2,276.2133613299818,56,1.3575836871376721e-05,54707.720310413795,COMPLETE
65,65,inf,40,4,2,3.1881735059662843,56,1.7324306492636882e-05,9.556872551523812,COMPLETE
66,66,inf,40,1,2,1.9854479104352647,108,5.3068726186220214e-05,3279.9969101987444,COMPLETE
67,67,1.4626858234405518,32,1,2,290.94653019781737,56,0.002111427131122471,3370.5344880216912,COMPLETE
68,68,17.52416229248047,32,1,2,258.8033408714911,104,0.0005976113393611249,2879.7019805461373,COMPLETE
69,69,56852246528.0,32,1,2,250.09440362956755,20,1.5325857703265926e-06,2.9825009920457117,COMPLETE
70,70,inf,56,5,2,558.455475637305,4,1.7660096323032834e-06,3.199552684093941,COMPLETE
71,71,inf,64,5,2,1.8490130305436672,20,2.596927917859223e-07,15.34157241157037,COMPLETE
72,72,inf,64,5,5,1.1028603636638041,20,1.5926972576394524e-07,14.491161841893135,COMPLETE
73,73,inf,56,5,2,2273.4265952759993,28,3.791859275751903e-07,5.01456609213426,COMPLETE
74,74,inf,12,5,2,2392.171268680594,28,0.0023391418292026435,390828.526389936,COMPLETE
75,75,inf,32,1,2,11.215390730759607,28,5.98097475562613e-06,3.6942272481567944,COMPLETE
76,76,0.2713838815689087,52,1,3,151.88886275912824,44,0.0024074206284226485,1.0573959274966578,COMPLETE
77,77,inf,52,1,3,164.20429579732624,44,0.0005977244779415639,263143.7634946808,COMPLETE
78,78,inf,12,5,3,301.73701970542567,48,0.0020183491401710827,1.7849352948980863,COMPLETE
79,79,inf,12,1,3,88.41940924780631,4,0.0006507119112684181,16406.705126473524,COMPLETE
80,80,0.0750437080860138,16,1,3,6.875738825513952,12,0.0017081050607829179,3413.8502784342827,COMPLETE
81,81,inf,32,1,3,267.79363145402715,12,0.0006783902056059107,2975.8608824619414,COMPLETE
82,82,inf,32,1,1,272.99645457638314,88,0.0002621271978771411,47857552.50353414,COMPLETE
83,83,inf,24,1,1,3955.7803246198973,88,0.0018231895555418348,13917.00342673971,COMPLETE
84,84,inf,32,1,1,95.81519142353585,124,0.001668772276288778,15399.258462656899,COMPLETE
85,85,inf,24,1,1,4288.5000643900985,120,0.0017673859141463645,18227.855460277166,COMPLETE
86,86,0.7276999950408936,24,1,1,499.3134661462894,124,0.002428052006374275,14573.553494669723,COMPLETE
87,87,inf,36,1,1,545.4680606639469,120,0.0016239696160365881,724.1086663425058,COMPLETE
88,88,0.4932086169719696,36,1,1,502.0783732407956,116,0.002499319101598142,783.5434994377615,COMPLETE
89,89,0.6809651255607605,36,1,1,526.7230082670552,116,0.0029653294815613165,844.790185154432,COMPLETE
90,90,0.07002294808626175,36,1,3,571.3553373379963,116,0.006021153744619134,752.8107401351283,COMPLETE
91,91,inf,36,1,3,837.9533597045472,112,0.0006433494865944393,5123.940681568027,COMPLETE
92,92,inf,28,2,3,195.3790348926103,104,0.0060932340067948515,3925.889467291865,COMPLETE
93,93,inf,16,2,3,145.46650978272467,68,0.006270694995827786,1049.5851548559128,COMPLETE
94,94,inf,16,1,1,204.87625870841404,104,1.0544986078100436e-08,4404.360309717257,COMPLETE
95,95,inf,16,1,1,3951.8623865098007,100,1.498514244428055e-08,1113.29239071953,COMPLETE
96,96,inf,16,1,1,5265.793998629039,100,0.00017015190413206666,1977.109837941305,COMPLETE
97,97,inf,24,1,1,4249.098298623288,100,0.0029041513680471776,81.2864853526294,COMPLETE
98,98,inf,24,1,1,1824.0138578999092,116,0.0025034163583212772,1989.5137703560504,COMPLETE
99,99,0.09523927420377731,24,1,1,448.3673881728811,116,0.0037633866030024415,1.1013962924172445,COMPLETE
100,100,inf,24,1,1,1596.7411004323362,116,0.0028138064089538147,1.0899382760916045,COMPLETE
101,101,inf,24,1,1,930.8823706184651,116,0.0031384350423412214,2228.0378318667595,COMPLETE
102,102,inf,20,1,1,926.7318142277984,116,0.001340516599487128,675.9385690264118,COMPLETE
103,103,inf,20,1,1,944.0476624059032,116,0.0026400479343726586,236.49420713354928,COMPLETE
104,104,inf,28,1,1,442.2789428240833,116,0.004939460959555597,10135.756352419337,COMPLETE
105,105,inf,28,1,1,392.09661694918276,16,0.0026216469214911673,10592.769022053048,COMPLETE
106,106,inf,8,1,1,422.07185092284215,124,0.004851612829492718,9733.99781058252,COMPLETE
107,107,inf,28,1,1,495.446985977019,124,0.004822135263393901,8980.44504322756,COMPLETE
108,108,0.12958869338035583,4,1,1,8.702875129507587,124,0.006276005909579875,24878.132575763793,COMPLETE
109,109,inf,36,1,1,636.2315251981589,12,0.0065495661003162784,195.57406596413074,COMPLETE
110,110,0.7239003777503967,36,1,1,512.0244730874663,112,0.003982857852878321,2853.435129515371,COMPLETE
111,111,inf,32,1,2,9.04006809283368,124,0.006577533288117333,199.65434433335318,COMPLETE
112,112,inf,36,1,2,596.4387536360927,112,0.006027205324299858,2334.3220505866316,COMPLETE
113,113,inf,32,1,3,6.2396457449111145,112,0.0008382793167823186,1888.1439862523557,COMPLETE
114,114,inf,36,1,3,5.736293379546764,112,0.003558947601958554,2421.4056262781382,COMPLETE
115,115,0.24339281022548676,36,1,3,347.8929486243539,112,0.003978070497547831,24439.42995683303,COMPLETE
116,116,inf,36,1,2,231.3138670657383,60,0.0038488067811147347,2583.1904867696876,COMPLETE
117,117,inf,36,1,2,331.7131269116084,60,0.003687957132681842,26512.427632950395,COMPLETE
118,118,inf,44,1,3,162.166942532106,8,0.001362599918308969,25571.56616403989,COMPLETE
119,119,inf,44,1,3,594.5933699637017,128,0.0015265730018469378,6270.468185817326,COMPLETE
120,120,inf,20,1,3,647.3345074577447,8,0.001349984255754651,5770.394370363608,COMPLETE
121,121,inf,44,1,3,700.0315176316303,8,0.0012642163179562005,6057.098393306429,COMPLETE
122,122,inf,20,1,3,657.7484131361128,108,0.0010069798177947263,704.6505698258065,COMPLETE
123,123,inf,20,1,1,747.6990546632625,128,0.000890039452463951,693.2078803911181,COMPLETE
124,124,inf,20,1,1,15.081682700100572,108,0.0008750958850343862,808.2965959246895,COMPLETE
125,125,inf,20,1,1,513.0532968955488,108,0.000850875193927546,746.4616553170733,COMPLETE
126,126,inf,20,2,1,13.47762711807945,108,0.0008406667511822726,639.3734168870052,COMPLETE
127,127,inf,40,2,1,14.141902082592308,108,0.000872875495920919,1423.353526624105,COMPLETE
128,128,inf,40,2,1,331.23643408774325,108,0.002128263066130138,1138.4497278514618,COMPLETE
129,129,inf,40,2,1,336.666715946402,108,0.00041887232200030997,1251.6685988182928,COMPLETE
130,130,inf,32,1,1,466.6295831197808,108,0.00041731684014478657,1333.907166734692,COMPLETE
131,131,inf,32,1,1,484.59589900397617,120,0.00044479667798848584,1320.2695506640268,COMPLETE
132,132,inf,32,1,1,340.68070904342073,104,0.002009149734376556,3648.3424740339656,COMPLETE
133,133,inf,32,1,1,357.6432934392687,104,0.00045633392587165756,3706.9568636833496,COMPLETE
134,134,inf,32,1,1,108.30328207703727,52,0.0019753680960170853,360.6670624008954,COMPLETE
135,135,inf,32,1,5,365.4443746505865,96,0.0019988636071044804,3784.081548161764,COMPLETE
136,136,inf,32,1,1,115.84429004633597,52,0.00782983103813178,3810.5844560559453,COMPLETE
137,137,inf,28,1,1,217.02186579314537,52,0.002047526736015914,4340.54134339031,COMPLETE
138,138,inf,28,1,3,203.334067697602,96,0.002035023868797362,3778.158841165414,COMPLETE
139,139,inf,28,1,5,123.49736736964277,64,0.0042903138307076386,3209.5207029691865,COMPLETE
140,140,inf,28,1,2,223.26790940267543,20,8.794987866703724e-08,2.960220463597731,COMPLETE
141,141,inf,28,1,2,252.18657533035693,16,6.496203137394672e-08,2.274035541300987,COMPLETE
142,142,inf,28,1,2,265.1269595480677,24,2.17889814020905e-06,6.471072813531124,COMPLETE
143,143,inf,36,1,2,256.0417265359489,68,1.4333082740452784e-06,7.9977931600768,COMPLETE
144,144,inf,36,1,2,272.4116875571705,64,2.4006327519439605e-06,1.0343259284016928,COMPLETE
145,145,inf,16,1,2,260.16922084832424,32,7.943270372734365e-07,444.4346636995136,COMPLETE
146,146,inf,36,1,2,176.02489055443112,32,2.134849765039044e-06,469.78532855472054,COMPLETE
147,147,inf,36,1,2,170.96856458342089,24,0.003112130678144184,24.07000242535472,COMPLETE
148,148,inf,36,1,2,177.6440862857234,12,0.0036740654565490098,1.250593709208869,COMPLETE
149,149,inf,36,1,2,161.05734868418313,120,0.0034203079672140775,1.3545223844587362,COMPLETE
150,150,inf,36,1,3,160.4799114808156,12,0.0031793326917090594,83677.7625846037,COMPLETE
151,151,inf,36,1,3,185.2219389155492,120,0.0027324375026819875,24418.163843803224,COMPLETE
152,152,inf,24,1,3,8.546634468894316,120,0.0030435797994659342,8019.291766387508,COMPLETE
153,153,inf,16,1,3,425.1463163333967,120,6.59897374535513e-07,20556.37752123949,COMPLETE
154,154,inf,24,1,3,470.6707837384514,120,0.004093225441419988,98958.63722731532,COMPLETE
155,155,inf,16,1,3,426.15882601240764,44,7.743979419548384e-07,10976.194259320679,COMPLETE
156,156,inf,24,1,3,434.3403457117413,16,3.0045862465018526e-08,12909.884644858133,COMPLETE
157,157,inf,24,1,3,407.57782655825633,44,0.005857947173601712,65.83423941507071,COMPLETE
158,158,inf,8,1,3,9.490331518684892,112,0.005208509508253088,19203.019934100754,COMPLETE
159,159,0.29488372802734375,24,1,3,9.374114477649561,120,0.004754755242116127,34812.48854658614,COMPLETE
160,160,0.10088571906089783,4,1,3,4.947424694420179,44,0.0076442196813973,20946.492200696874,COMPLETE
161,161,0.056924305856227875,4,1,3,7.105024946834534,116,0.0053790733975315344,18313.429211924056,COMPLETE
162,162,0.0258538406342268,4,1,1,4.851352753783842,124,0.00551773056857056,36894.96159243577,COMPLETE
163,163,0.124617800116539,12,1,1,10.250772064222913,112,0.00517983819443898,26328.70699521205,COMPLETE
164,164,0.13158239424228668,8,1,1,5.369427485180197,116,0.005556800631051132,40721.865586565305,COMPLETE
165,165,inf,12,1,1,4.335440370147942,112,0.0050495575027852185,33430.218784850666,COMPLETE
166,166,inf,4,1,1,784.2624484034744,124,0.007341316364929709,22986.36120717752,COMPLETE
167,167,0.08177442103624344,4,1,1,559.8567568989755,124,0.007785666217099499,32530.68452186574,COMPLETE
168,168,inf,40,1,1,7.022609644540038,124,0.009790816876197117,7116.939621849658,COMPLETE
169,169,0.08800134062767029,4,1,1,5.278044284825449,124,0.007356635791818666,37928.31237987248,COMPLETE
170,170,inf,4,1,1,771.5189726385687,116,0.0014453580663462105,2.5363575787954855,COMPLETE
171,171,0.06814529001712799,4,1,1,10.045909418383033,116,0.0077028379496486355,43118.84769576493,COMPLETE
172,172,0.0316409133374691,4,1,1,5.798882377963081,116,0.007496820156326804,109719.3949160348,COMPLETE
173,173,0.07658839225769043,8,1,3,30.287881607582506,116,0.00739110583832449,48069.520547306034,COMPLETE
174,174,0.020527858287096024,4,1,1,5.27078743818634,116,0.006802184461964539,137647.14532850985,COMPLETE
175,175,0.11737580597400665,8,1,1,10.690871057941017,116,0.006377422282748435,54452.28582303263,COMPLETE
176,176,0.024113129824399948,4,1,1,5.40605814448394,116,0.00716300413928334,63971.28343788145,COMPLETE
177,177,0.021918943151831627,4,1,1,5.3104733931228605,116,0.00817572261832383,38995.73604501937,COMPLETE
178,178,inf,4,1,1,5.239629052041265,116,0.007606661242076354,48952.11848654469,COMPLETE
179,179,0.025902628898620605,4,1,1,5.114241959442731,128,0.007987225011651115,143746.8958335249,COMPLETE
180,180,0.021704094484448433,4,1,1,5.377360658190293,128,0.00768477853205233,46865.051745118515,COMPLETE
181,181,0.07678630203008652,4,1,3,5.52278298543636,116,0.007514816315123011,42904.36370820924,COMPLETE
182,182,0.12585066258907318,4,1,3,5.665402581401566,116,0.007826541591961677,45688.556894875954,COMPLETE
183,183,inf,8,1,3,26.637439406837203,128,0.008034802177944078,142105.2150106603,COMPLETE
184,184,0.08282949030399323,4,1,3,7.1276974055303235,116,0.006109951189681813,42177.90319264851,COMPLETE
185,185,inf,4,1,3,11.046885575508993,124,0.009819720042050313,39571.721123218755,COMPLETE
186,186,inf,4,1,3,11.693135420732755,124,0.009991481649008035,42959.099907412965,COMPLETE
187,187,0.09988068789243698,4,1,3,2.829200152055641,124,0.007769717006162225,53147.56901502625,COMPLETE
188,188,inf,8,1,1,3.4075539565858612,128,0.007020260191879286,73634.00223255689,COMPLETE
189,189,inf,4,1,1,3.348602110225386,116,0.006770516750288848,161719.6824347025,COMPLETE
190,190,0.012896832078695297,4,1,1,3.153954790804544,116,0.0070093562962854255,152642.77954568295,COMPLETE
191,191,inf,4,1,1,3.6074526698109945,116,0.00721432686925303,164333.88912770658,COMPLETE
192,192,0.06943932920694351,4,1,1,5.335139491898382,116,0.0064543906779548415,147735.59969109512,COMPLETE
193,193,inf,4,1,1,6.809124729918845,116,0.007905738879442126,163912.64189195744,COMPLETE
194,194,0.09384659677743912,4,1,1,7.256472324836598,116,0.007896863157586328,140518.4289969931,COMPLETE
195,195,inf,4,1,1,7.234211267298083,112,0.009517439408648845,207133.9846062718,COMPLETE
196,196,0.06569747626781464,4,1,1,6.945637836897296,112,0.007083807691223939,162976.39121170627,COMPLETE
197,197,inf,4,1,1,3.4974644423369523,128,0.007528893613437118,175549.7551120933,COMPLETE
198,198,inf,4,1,1,2.495273692864503,128,0.007741052859582126,131010.61570525912,COMPLETE
199,199,inf,4,1,1,2.814322651734894,128,0.006970025866048875,152900.022933619,COMPLETE
200,200,inf,8,1,1,4.65089884440602,128,0.007540951268523054,115617.41983595116,COMPLETE
201,201,inf,4,1,1,4.613224144935477,128,0.007148924176014929,116962.37568906686,COMPLETE
202,202,inf,4,1,1,4.398403247105026,120,0.007900485755719019,102880.95842544867,COMPLETE
203,203,0.14701449871063232,8,1,1,4.594746813540197,128,0.0056804422962256195,113204.8362021827,COMPLETE
204,204,inf,8,1,1,4.1830893411784755,120,0.005528921002521772,356746.1450207019,COMPLETE
205,205,0.019507674500346184,4,1,1,4.03686846751699,120,0.005254434748256369,290909.744734778,COMPLETE
206,206,0.029508577659726143,4,1,1,3.900198273026793,120,0.005933482826976625,355251.5641453336,COMPLETE
207,207,inf,8,1,1,6.370207034685306,120,0.005419410217855038,330261.83057482116,COMPLETE
208,208,inf,4,1,1,6.0701533137437504,120,0.004623203208089122,275018.47746166796,COMPLETE
209,209,inf,8,1,1,7.083955617018747,120,0.004734741036350815,573476.5776916018,COMPLETE
210,210,inf,4,1,1,6.060944748500268,120,0.004848313468160336,71851.13795250766,COMPLETE
211,211,inf,4,1,1,6.330632161376892,120,0.004632476509785153,66921.39373174374,COMPLETE
212,212,inf,4,1,1,7.843065071501961,124,0.004576223161145008,56362.599261081334,COMPLETE
213,213,0.03563812002539635,4,1,1,8.068052296852846,124,0.009334407936589354,81155.64377396912,COMPLETE
214,214,inf,4,1,1,8.061724744598415,124,0.009936460585886151,76232.05576878437,COMPLETE
215,215,inf,4,1,1,8.121933202553548,124,0.009870757805340111,70702.60300815647,COMPLETE
216,216,0.07591632008552551,4,1,1,7.4492605305085995,124,0.009878700848756885,620108.0639968496,COMPLETE
217,217,0.021839411929249763,4,1,1,8.164264920160816,124,0.009757629398352894,63020.30695095245,COMPLETE
218,218,inf,4,1,1,7.933760776681353,124,0.009892500821830526,74279.91024832411,COMPLETE
219,219,0.030081333592534065,4,1,1,5.361980255299104,112,0.009567374811467758,68919.40306925341,COMPLETE
220,220,inf,4,1,3,5.220578104914423,116,0.005972145663676426,59567.22219687889,COMPLETE
221,221,0.020923124626278877,4,1,1,2.7736969645007474,112,0.005793692537968134,56846.03388000725,COMPLETE
222,222,inf,4,1,1,5.402920542496549,112,0.009988005036931494,1278226.0715318986,COMPLETE
223,223,0.03462996333837509,4,1,1,5.695173633014612,112,0.009960193467028429,666436.7786160036,COMPLETE
224,224,0.03128538280725479,4,1,1,5.4183711451948104,112,0.005952032717416842,514225.5018492123,COMPLETE
225,225,inf,4,1,1,2.314510146606004,112,0.0055161126238823886,1460765.777921158,COMPLETE
226,226,inf,8,1,1,4.182233525331062,112,0.005509922191699979,607629.9076482748,COMPLETE
227,227,inf,4,1,1,5.506007953033816,120,0.003985709585539734,33960.489349203686,COMPLETE
228,228,0.10494591295719147,8,1,1,6.071461549055609,120,0.004030768232472119,515033.0033083671,COMPLETE
229,229,inf,8,1,1,3.894445462762476,120,0.003920969184817774,409898.66797003255,COMPLETE
230,230,inf,4,1,1,3.8489147048076418,116,0.0061870370667316665,253937.90736960512,COMPLETE
231,231,inf,4,1,1,5.571341543245296,116,0.006213066311764807,255717.9551859931,COMPLETE
232,232,0.07959720492362976,4,1,1,6.412503437248906,116,0.006253345381783341,586437.4685224671,COMPLETE
233,233,inf,4,1,1,7.075033900080739,116,0.006119033431350768,798871.3899472621,COMPLETE
