,number,value,params_batch_size,params_cgcnn_num,params_cgcnn_num2,params_clipnorm,params_embedding_size,params_lr,params_softmax_beta,state
234,234,0.01430071983486414,4,1,1,3.683702021335065,116,0.006288890219818596,96667.57422221507,COMPLETE
235,235,inf,4,1,1,6.963436265496137,124,0.006207940749928323,212177.55017158933,COMPLETE
236,236,0.0218961201608181,4,1,1,4.99032935890562,112,0.006187688176300329,36074.95498122996,COMPLETE
237,237,0.02040921337902546,4,1,1,4.69746226890501,112,0.009940325963929866,36297.512396212136,COMPLETE
238,238,0.08578349649906158,8,1,1,3.2355415904674656,112,0.008679413961144529,801577.1408657439,COMPLETE
239,239,inf,8,1,1,3.1927172473913226,112,0.009818459950737157,827053.0613225509,COMPLETE
240,240,0.034586917608976364,4,1,1,4.715700113046414,112,0.009918268803918162,1076099.4846643908,COMPLETE
241,241,inf,8,1,1,3.0289295807034975,112,0.00930715094592614,411592.18702830037,COMPLETE
242,242,0.032369934022426605,8,1,1,3.0415579473116123,112,0.009963181876161551,766327.885363458,COMPLETE
243,243,0.07107040286064148,4,1,1,4.6950281459912615,112,0.009934732965935316,100072.77627490181,COMPLETE
244,244,0.06849635392427444,4,1,1,9.088088877150547,112,0.00984149648573303,811428.9495103261,COMPLETE
245,245,0.01965729519724846,4,1,1,4.541512808811789,112,0.008228334120126074,93035.82776211924,COMPLETE
246,246,0.022213004529476166,4,1,1,4.645839190258696,112,0.009636467674503536,95987.79393029361,COMPLETE
247,247,0.01923416741192341,4,1,1,4.574507978842977,108,0.009986082971475919,103188.23833199735,COMPLETE
248,248,inf,4,1,1,4.063515260690387,108,0.00987011916395703,109793.67361694587,COMPLETE
249,249,0.04535835608839989,4,1,1,2.201355651313442,112,0.004482908408321975,93539.19157054144,COMPLETE
250,250,inf,4,1,1,2.3111231839786823,108,0.004924236720819105,2123751.132209716,COMPLETE
251,251,inf,4,1,1,1.761553581347305,112,0.00487305261926835,100210.78261066446,COMPLETE
252,252,inf,4,1,1,4.5380341253717935,108,0.005147171209154876,975221.1417806448,COMPLETE
253,253,inf,4,1,1,2.524821270688519,112,0.0050351926901954615,2245300.280175488,COMPLETE
254,254,0.014552637003362179,4,1,1,3.7813655733664375,112,0.0058160643664646895,228380.33325899826,COMPLETE
255,255,inf,4,1,1,1.6233970143025838,112,0.006072360164976,220515.88658636733,COMPLETE
256,256,inf,4,1,1,4.02422843681855,108,0.007142014746232966,203987.10507927145,COMPLETE
257,257,inf,4,1,1,3.8177045570533372,108,0.007655702275067536,1147158.6644140205,COMPLETE
258,258,0.028560757637023926,4,1,1,4.045387379579299,108,0.007487483621143491,10793247.027471602,COMPLETE
259,259,0.020265253260731697,4,1,1,4.043980835526965,108,0.007579940030164577,82296.1734646085,COMPLETE
260,260,inf,4,1,1,3.4943303445865017,104,0.007653169395796955,71973.94932398791,COMPLETE
261,261,0.024710871279239655,4,1,1,3.705987097287363,112,0.007499571624949923,84277.02556555544,COMPLETE
262,262,inf,4,1,1,3.744524295549897,104,0.007656887390867337,74826.53744239765,COMPLETE
263,263,inf,4,1,1,3.6689876023808683,104,0.007242175813358171,84847.12058462044,COMPLETE
264,264,inf,4,1,1,2.1053824546783613,112,0.0036069497912133777,85424.58517148468,COMPLETE
265,265,inf,8,1,1,2.2300226576626776,108,0.0044290957952076914,87055.31371806914,COMPLETE
266,266,inf,8,1,1,3.486878549189783,104,0.0077748920193279,83358.8846077802,COMPLETE
267,267,0.015701478347182274,8,1,1,2.0211992291595418,108,0.009849993445314325,91315.77572263169,COMPLETE
268,268,inf,4,1,1,2.9245314318755806,112,0.0094992957431789,90941.73938453668,COMPLETE
269,269,inf,8,1,1,2.9160396280928476,112,0.009987558330294122,342180.3134629659,COMPLETE
270,270,inf,8,1,1,2.7891611738333375,108,0.009705981899526598,298747.88819703273,COMPLETE
271,271,inf,4,1,1,2.93419913410688,112,0.009729253492907517,272772.42860968836,COMPLETE
272,272,inf,4,1,1,4.748847570768742,108,0.006313565047985374,59162.55753579383,COMPLETE
273,273,inf,4,1,1,4.738140745755442,112,0.006085483626847265,109452.27866339116,COMPLETE
274,274,inf,4,1,1,4.833088058343228,112,0.0059982162777157235,116281.9235132791,COMPLETE
275,275,inf,4,1,1,4.72976033233888,108,0.00568789460985863,130752.28441218693,COMPLETE
276,276,inf,4,1,1,4.636364679507194,112,0.00398994345815254,129388.57483504532,COMPLETE
277,277,inf,4,1,1,4.496884304297509,120,0.003799362523645439,135884.79377010968,COMPLETE
278,278,inf,4,1,1,4.493000169563051,120,0.007699474952652397,6247706.516536497,COMPLETE
279,279,inf,8,1,1,4.41448697024609,120,0.0098585129550309,455280.86865275836,COMPLETE
280,280,inf,4,1,1,5.355294613600257,120,0.003798768897891367,45939143.98146492,COMPLETE
281,281,inf,4,1,1,5.479679615703,116,0.007983963591898508,204356.3939366377,COMPLETE
282,282,inf,8,1,1,4.0771741195478395,108,0.0034479890291215,18876572.53676857,COMPLETE
283,283,inf,8,1,1,3.7762922476220324,108,0.007532291287486556,10898779.105006255,COMPLETE
284,284,inf,8,1,1,3.263114746630864,108,0.007657301711343115,28270718.889474347,COMPLETE
285,285,inf,8,1,1,5.666587310162764,116,0.007287142283342313,226807.25723350968,COMPLETE
286,286,inf,8,1,1,3.219986743167992,116,0.004905496031251637,50542.51744449985,COMPLETE
287,287,inf,4,1,1,3.175055589280419,116,0.005239173735131079,51464.30588992687,COMPLETE
288,288,0.054180629551410675,8,1,1,3.1931272383325164,116,0.0057253585899292225,204131.65343192487,COMPLETE
289,289,inf,4,1,1,1.468311788127813,116,0.005443845369819726,58457.20435551268,COMPLETE
290,290,inf,4,1,1,2.6503828458368126,116,0.005529037101614176,219059.0936211897,COMPLETE
291,291,0.01928912289440632,4,1,1,2.70365747411889,116,0.005776335521205796,56912.792820224015,COMPLETE
292,292,inf,8,1,1,2.5991451406251107,116,0.005061400236279762,53996.652303493785,COMPLETE
293,293,inf,4,1,1,1.4190631198049206,104,0.005657463667559107,33802.78268961371,COMPLETE
294,294,inf,4,1,1,2.6129865670983357,104,0.005582828083132315,28502.548300513554,COMPLETE
295,295,inf,4,1,1,1.462657318441682,104,0.0055809856164344696,29927.155800835742,COMPLETE
296,296,inf,4,1,1,3.747241919230978,104,0.005625149845088559,27519.341396191157,COMPLETE
297,297,0.017877377569675446,4,1,1,1.2776678120031961,104,0.005988142504945083,36367.91578277897,COMPLETE
298,298,0.01633073203265667,4,1,1,3.7044267765325567,104,0.0061496978577737045,28993.17235896901,COMPLETE
299,299,inf,4,1,1,3.9464105671302776,104,0.0030850964003555376,188669.86171611343,COMPLETE
300,300,inf,4,1,1,3.830605382030299,104,0.006884786417978698,31270.37694731822,COMPLETE
301,301,inf,4,1,1,3.7574754281588914,100,0.0064975281887337645,30746.295870052236,COMPLETE
302,302,inf,4,1,1,3.9415061854099136,100,0.006694236531683187,163542.54879811872,COMPLETE
303,303,inf,4,1,1,3.8892169825396437,100,0.002922081171341152,163822.48357527755,COMPLETE
304,304,inf,4,1,1,3.882618780134647,128,0.0032896915161693433,172026.22983857093,COMPLETE
305,305,inf,4,1,1,6.050816515013497,128,0.004026852013323297,143267.176866319,COMPLETE
306,306,inf,4,1,1,6.031345345671957,128,0.0041542302141507285,61619.99172868062,COMPLETE
307,307,inf,4,1,1,5.977975976020636,108,0.0036941160185831297,58571.420822978835,COMPLETE
308,308,inf,4,1,1,6.047995933329747,128,0.004174787795499691,65132.220870880155,COMPLETE
309,309,inf,4,1,1,5.820296479671179,108,0.004269153855687345,66879.10981705264,COMPLETE
310,310,inf,4,1,1,5.9958686807982815,128,0.004209104481541112,70606.27480065112,COMPLETE
311,311,inf,4,1,1,5.912806188758341,108,0.004171967572174852,62278.46326779571,COMPLETE
312,312,inf,4,1,1,5.40311468453836,108,0.004188188370497548,64112.940108446965,COMPLETE
313,313,inf,4,1,1,2.0389967391286663,108,7.340331721201134e-05,105799.61834615818,COMPLETE
314,314,inf,4,1,1,1.9255974930693813,108,0.007503171313789656,46975.24896656683,COMPLETE
315,315,0.018093397840857506,8,1,1,2.2279223762275935,108,0.007786458157932521,43626.05186370243,COMPLETE
316,316,0.01858643628656864,4,1,1,2.2500587775195653,108,0.007719831475055505,42341.08957068855,COMPLETE
317,317,inf,8,1,1,4.975812363627879,112,6.900112281971308e-05,99878458.66398838,COMPLETE
318,318,inf,8,1,1,2.0441178731747818,120,0.0072361836726696745,45396.6354046063,COMPLETE
319,319,inf,8,1,1,2.132194817869078,120,4.180169113160416e-06,39917.27026579902,COMPLETE
320,320,inf,8,1,1,1.9555442973611847,120,1.922055188194044e-05,43385.75986586638,COMPLETE
321,321,inf,8,1,1,2.391923238181759,120,0.00791070221078257,47033.22099563872,COMPLETE
322,322,inf,8,1,1,2.5885223836567786,120,0.00797754943705745,43164.24276883205,COMPLETE
323,323,inf,8,1,1,2.508671568750871,120,0.00786885711938117,41299.68430165083,COMPLETE
324,324,inf,8,1,1,2.4316896977235976,120,1.9162572866791832e-05,97320.93641012069,COMPLETE
325,325,inf,8,1,1,1.0373112813135812,124,0.007909578933565557,16253.730986289658,COMPLETE
326,326,inf,4,1,1,1.3160779539044112,124,0.007628158806797901,15480.839724851116,COMPLETE
327,327,inf,4,1,1,2.5464643613844427,124,0.008510065144176236,19676.83821319514,COMPLETE
328,328,inf,4,1,1,3.194013750376023,124,0.008060098555299112,17204.85202463032,COMPLETE
329,329,inf,4,1,1,1.1322087894262916,124,0.007982150530585843,103118.68584598365,COMPLETE
330,330,0.01820128783583641,4,1,1,3.064095592347364,124,0.006428760619673677,96225.90628093801,COMPLETE
331,331,inf,4,1,1,4.344117716095743,112,0.0066884913282922905,91473.45947360978,COMPLETE
332,332,0.0698348805308342,4,1,1,3.2610717092322803,112,0.009885037208960775,20280.82050031224,COMPLETE
333,333,inf,4,1,1,3.3732953898339324,112,0.006229453046827318,97297.54866412806,COMPLETE
334,334,0.038383375853300095,4,1,1,4.478343822298436,112,0.009872470492057016,123176.58020102698,COMPLETE
335,335,0.020093627274036407,4,1,1,3.5176568570983826,112,0.006070438007172992,24868.232803681934,COMPLETE
336,336,0.01742139831185341,4,1,1,3.4422582318284567,112,0.0052637356042608135,29187.431708261516,COMPLETE
337,337,inf,4,1,4,1.1855765173540431,80,0.002635102047255448,28085.03824577919,COMPLETE
338,338,inf,4,1,1,1.187448504342399,100,0.0027267774968561466,29298.782637844044,COMPLETE
339,339,inf,4,1,1,4.408255606624084,116,0.00480600549417294,27773.19500688072,COMPLETE
340,340,inf,4,1,1,4.546741792416399,116,0.002687539845347396,26730.89453640741,COMPLETE
341,341,inf,4,1,1,1.570977696552597,104,0.00458207175745405,30051.12571183342,COMPLETE
342,342,inf,12,1,1,2.9453669647568916,104,0.005002332342448256,38859.04788372313,COMPLETE
343,343,inf,4,1,1,2.9396267128916764,108,0.004797545744439354,36292.78792373011,COMPLETE
344,344,inf,12,1,1,2.9178046088488983,108,0.005259998840325781,4846991.505246172,COMPLETE
345,345,0.013645319268107414,4,1,1,3.4418412751781426,108,0.005066404174055734,139949.64651912454,COMPLETE
346,346,0.012904444709420204,4,1,1,1.672187214531183,108,0.005991797637307625,128530.14587192655,COMPLETE
347,347,inf,4,1,1,1.9963510911424998,108,0.004880399400790082,126119.96701602876,COMPLETE
348,348,0.014575348235666752,4,1,1,1.7080871057272151,104,0.009976753241104884,78778.05544011551,COMPLETE
349,349,inf,8,1,1,1.630681537783354,104,0.005998945487266364,79376.04412669066,COMPLETE
350,350,inf,8,2,1,1.5775393293166662,104,0.009996698439410067,81260.13654862305,COMPLETE
351,351,inf,8,1,1,1.8218682590760586,112,0.006119350038065391,78004.6866994689,COMPLETE
352,352,inf,8,1,1,1.7113861063386133,108,0.006134688739160878,70573.4042883218,COMPLETE
353,353,inf,8,1,1,1.7592281590452508,108,0.006042010339962552,61050.534775863394,COMPLETE
354,354,inf,4,1,1,1.8729193479795045,116,0.006229188306743896,61586.60754515282,COMPLETE
355,355,inf,4,1,1,2.2411131459666858,108,0.0033478339844581814,51451.947904300236,COMPLETE
356,356,inf,4,3,1,2.2999325408849733,116,0.003420850908733921,41449.35464738128,COMPLETE
357,357,inf,4,1,1,3.5300108934367858,116,0.0034754519543040256,48621.535603707096,COMPLETE
358,358,inf,4,3,1,3.4188879899288493,116,0.0035833710669178325,47147.33908779511,COMPLETE
359,359,inf,4,1,1,3.4153638359449814,116,0.004560404055236739,126882.1839445626,COMPLETE
360,360,inf,4,1,1,3.4316378132624554,116,0.003379796535418162,38258.28257364716,COMPLETE
361,361,inf,4,1,1,3.30340437919756,112,0.003426440482706656,11967.046587496028,COMPLETE
362,362,0.021302415058016777,4,1,1,2.736244093100743,112,0.009942917215985465,21337.20110488,COMPLETE
363,363,inf,4,1,1,2.9158191903500583,112,0.00732626607471292,24256.682292821028,COMPLETE
364,364,inf,4,1,1,2.741024809250972,112,0.0070367775750161,11234.829572045574,COMPLETE
365,365,inf,4,1,1,2.9026420039964025,112,0.007224569203554985,12123.375574886146,COMPLETE
366,366,inf,4,1,1,2.797807641912475,112,0.00693201632505779,22962.570329302664,COMPLETE
367,367,inf,4,1,1,51.10132008461183,112,0.007449801573007969,20283.76563019055,COMPLETE
368,368,inf,4,1,1,2.7423404809749834,112,0.009881722442130328,17606.847067586536,COMPLETE
369,369,inf,8,1,1,2.8108461470327915,100,0.009708928579273,19533.56137671403,COMPLETE
370,370,inf,8,1,1,2.6817467176610554,104,0.009952032109475374,20030.95714021667,COMPLETE
371,371,inf,8,1,1,2.554299769219912,104,0.009679897041867603,21283.413701090092,COMPLETE
372,372,inf,8,1,1,2.4968094673322203,92,0.004890294085310204,19301.794986898516,COMPLETE
373,373,inf,8,1,1,1.3191698098602422,108,2.3852465516737196e-07,320922.59219644155,COMPLETE
374,374,inf,12,1,1,2.207703735015748,108,0.0047603523720420315,236306.98036171964,COMPLETE
375,375,inf,12,1,1,2.2742714104350457,108,0.004856479554635188,255475.0117691727,COMPLETE
376,376,inf,12,1,1,2.1755181577227543,88,0.004960337144561717,296386.85942284047,COMPLETE
377,377,inf,4,1,1,1.3590954912411144,108,0.005129387610967931,320752.8209967018,COMPLETE
378,378,inf,12,1,1,1.4239932268120534,108,0.005055931286480143,167494.7776491151,COMPLETE
379,379,inf,4,1,1,1.2885602822142554,100,0.005628998690106511,153584.21758851633,COMPLETE
380,380,inf,4,1,1,1.9899805103704453,108,0.0059934264178882115,169928.00963842703,COMPLETE
381,381,inf,4,1,5,4.076314390125762,100,0.0062890575828429005,132476.02668245698,COMPLETE
382,382,inf,4,1,1,1.4051934774262613,108,0.00592764592863091,158552.9086270027,COMPLETE
383,383,0.014239932410418987,4,1,1,1.5080492717956158,104,0.006147154119002313,160917.56914649485,COMPLETE
384,384,inf,4,1,1,4.098836203962538,108,0.006222263088038863,99131.64971502053,COMPLETE
385,385,inf,4,4,1,1.5823629427780193,104,0.006340895862603781,27782.06259331305,COMPLETE
386,386,inf,4,1,1,1.8611079546992353,104,0.006313166542738611,30276.565379994077,COMPLETE
387,387,0.012835275381803513,4,1,1,1.7350233671508795,76,0.0064223143702001025,176020.9717406892,COMPLETE
388,388,inf,4,1,1,1.7798021615250665,104,0.0065477094281448005,117634.154704457,COMPLETE
389,389,inf,4,1,1,1.5406671902978,104,0.002458738220072464,111604.07961606234,COMPLETE
390,390,inf,4,1,1,2.0878511879465,104,8.511110704794387e-06,107270.40995914901,COMPLETE
391,391,inf,4,1,1,1.7683817825491224,104,0.004142979441771806,116633.01471738756,COMPLETE
392,392,inf,4,1,4,1.6960212554342378,104,0.0023334399345472513,104338.11203454735,COMPLETE
393,393,inf,8,1,1,1.7363552830812221,104,0.004004463875119572,75425.62566994617,COMPLETE
394,394,inf,8,4,1,1.6868652388002472,96,0.0077246557073383446,58562.04558183774,COMPLETE
395,395,inf,8,1,1,81.4852059123527,96,0.003995667151157081,62857.28377980488,COMPLETE
396,396,inf,4,2,1,3.1708174965341756,100,0.004224027261855102,30907.088855058108,COMPLETE
397,397,0.013867550529539585,4,1,1,3.3069379506877796,104,0.009856167219206948,76379.80738748358,COMPLETE
398,398,inf,8,1,1,3.344491390141103,100,0.0038232157731429893,73377.51253474398,COMPLETE
399,399,0.029340211302042007,4,1,1,3.383319815620173,100,0.007975136298208719,51865.34926095198,COMPLETE
400,400,inf,4,1,1,1.0712786016804101,108,0.008203219599490106,196121.87796743822,COMPLETE
401,401,inf,4,1,1,3.44128899104023,100,0.00986151655134654,207022.4096167273,COMPLETE
402,402,inf,4,1,1,2.522487929350913,108,3.8403815406817023e-05,189606.88871015885,COMPLETE
403,403,0.015434925444424152,4,1,1,2.350626740321208,108,0.007940191502596058,208698.3323679635,COMPLETE
404,404,inf,4,1,1,2.3858552959247974,108,0.008068483477091272,188918.19908103996,COMPLETE
405,405,0.037622835487127304,4,1,1,2.3233754412725682,108,0.009996931240747573,51191.80522907928,COMPLETE
406,406,inf,4,1,1,2.3213491964641633,112,0.007829564044556711,47397.33959305442,COMPLETE
407,407,inf,4,1,1,2.336641645076293,108,0.00996797260377926,46373.5094597664,COMPLETE
408,408,inf,8,1,1,2.4241241724207163,112,0.007983736654067387,47376.66935152903,COMPLETE
409,409,inf,4,1,1,2.3410093711279014,108,0.00976242489699885,52400.47928571643,COMPLETE
410,410,inf,4,1,1,2.0385153431296366,108,0.00498318688550309,226398.77138595018,COMPLETE
411,411,0.1179056316614151,4,1,1,2.0090882595529695,108,0.003176508179256562,373276.79535816866,COMPLETE
412,412,inf,4,1,1,2.056354021246271,72,0.0030869673201343443,148332.8851516603,COMPLETE
413,413,inf,4,1,1,1.2075765023754736,104,0.003070785375188801,384049.2612246182,COMPLETE
414,414,inf,8,1,1,2.0544251219807346,76,0.003041369782185714,243766.34084212617,COMPLETE
415,415,inf,8,1,1,1.3331269775480825,100,0.0029178268684125343,419675.7793720329,COMPLETE
416,416,inf,8,1,1,1.2394413114533356,100,0.0029643371921788952,383342.50519040786,COMPLETE
417,417,inf,8,1,1,1.3514526358263925,104,0.004303895816603855,393919.1630676248,COMPLETE
418,418,inf,8,1,1,1.2948599006611448,112,0.00479975457924392,275118.7948928277,COMPLETE
419,419,inf,8,1,1,1.0113790365633812,116,0.004922911759205464,285533.22664498794,COMPLETE
420,420,inf,8,1,1,1.3799007777831394,112,0.004809376363420895,156983.41424279156,COMPLETE
421,421,0.016733694821596146,4,1,1,2.8508793477869387,112,0.004654476052624555,142744.2842696229,COMPLETE
422,422,inf,4,1,1,1.5478376750867224,112,0.005013083374041803,148069.27567846372,COMPLETE
423,423,inf,4,1,1,2.8409197164634947,112,0.005579780935164745,150232.23825112463,COMPLETE
424,424,inf,4,1,1,3.008826812961119,112,0.0057884411333350965,148182.58198189698,COMPLETE
425,425,0.020330660045146942,4,1,1,2.92686492992581,112,0.006543426397727581,140651.23359704178,COMPLETE
426,426,inf,4,1,1,3.0146404210717064,108,1.654564228351039e-08,87038.22711370014,COMPLETE
427,427,0.0147602129727602,4,1,1,2.8454414038023716,112,0.006439353079067854,83454.94633553666,COMPLETE
428,428,inf,4,1,1,2.930769387546303,80,0.00015256566799232393,85935.65803078478,COMPLETE
429,429,inf,4,1,1,2.7488418702448065,108,0.00649088326691464,89734.82182625019,COMPLETE
430,430,inf,4,1,1,2.91135530392703,108,0.00692015767035582,90428.9508756837,COMPLETE
431,431,inf,4,1,1,1.7722666418823443,108,0.0065700762024978555,92109.1065645406,COMPLETE
432,432,inf,4,1,1,1.702602627880063,104,0.006750271988808575,196019.28002603285,COMPLETE
433,433,0.01959170214831829,4,1,1,4.080208589628951,96,0.007034819354558099,231690.6929530563,COMPLETE
434,434,0.02789425663650036,4,1,1,3.558740503079359,96,0.006971319542967506,221598.06089132617,COMPLETE
435,435,inf,4,2,1,4.031411005596621,104,0.006864862341659576,108929.2618037898,COMPLETE
436,436,inf,4,1,1,3.7367541251687557,96,0.006652932758707474,228015.06994765997,COMPLETE
437,437,0.020532725378870964,4,1,1,3.82754596037662,96,0.0069334761773130115,236028.73599939575,COMPLETE
438,438,inf,4,1,1,3.7261339420805992,96,0.00031579990260405553,112749.42562427152,COMPLETE
439,439,0.011940719559788704,4,1,1,3.6741117986914986,96,0.007752509932854953,118574.8128656457,COMPLETE
440,440,inf,8,1,1,1.872725373144586,104,0.00788301568379585,126166.30065250208,COMPLETE
441,441,inf,8,1,1,3.848050099206422,104,0.004105922312851736,135244.42239471068,COMPLETE
442,442,inf,8,1,1,4.149207248064452,92,0.004143638332937659,261514.4403161934,COMPLETE
443,443,inf,4,1,1,3.5746488061548196,68,0.004053361694164161,251183.79312037572,COMPLETE
444,444,inf,4,1,1,1.5482590618175516,104,0.007923402832274752,249416.66828900296,COMPLETE
445,445,inf,4,1,1,3.3850568964784133,104,0.007801002386465599,233373.4113243256,COMPLETE
446,446,inf,4,5,1,16.452851057674906,104,0.005624152355438756,194583.11944176344,COMPLETE
447,447,inf,4,1,1,2.0736195649398472,104,0.005733898062912055,186279.31125304618,COMPLETE
448,448,inf,4,1,1,2.3335512732956643,100,0.002115968545021964,187786.16897334647,COMPLETE
449,449,inf,4,5,1,2.221175657086597,100,0.005450482998428914,209427.68462261301,COMPLETE
450,450,inf,4,3,1,2.0155306631664422,100,0.005110172017478544,192852.16931271213,COMPLETE
451,451,inf,4,1,1,2.41889366380944,104,0.002190629242291438,465244.8389376975,COMPLETE
452,452,inf,4,1,1,1.0455894196775806,100,0.004893335955927436,80012.38046951145,COMPLETE
453,453,inf,8,1,1,2.1320605051605646,100,0.0022902684035643562,524056.1858399564,COMPLETE
454,454,inf,8,5,1,2.3593544550151133,100,0.002147933532213996,324550.8454616455,COMPLETE
455,455,inf,8,1,1,2.008651404506063,100,0.0037436634021503937,422634.04486548307,COMPLETE
456,456,inf,8,1,1,3322.1599023570548,100,4.88257245374462e-08,81606.3592096749,COMPLETE
457,457,inf,8,1,4,2.4917222459467814,92,0.0041246742725485385,544795.5171607309,COMPLETE
458,458,inf,4,1,1,2.4792045352514864,88,0.0038152374562165463,77404.8809983531,COMPLETE
459,459,inf,4,1,1,2.463052920482682,84,0.00474784894424833,83107.93083365221,COMPLETE
460,460,inf,4,1,5,2.3811943279181897,108,0.004848100918209209,122150.009805781,COMPLETE
461,461,inf,4,1,1,37.014820235486056,108,0.0046648309930580984,123484.3385437598,COMPLETE
462,462,inf,4,1,1,1.5626417001889679,88,0.003976939046074651,119907.56826011784,COMPLETE
463,463,inf,64,1,1,1.6061192480042388,108,0.0037517853245372158,117992.60997451762,COMPLETE
464,464,inf,4,1,1,1.5580300865883165,108,0.005295524002895705,134311.33248338973,COMPLETE
465,465,inf,4,1,1,1.8090820973104735,116,0.005024480113711938,125376.43186889394,COMPLETE
466,466,0.016581913456320763,4,1,1,3.021397282080536,88,0.005185376142976846,110742.14942431494,COMPLETE
467,467,inf,4,1,1,3.0536752692206837,116,0.005200461160046571,143906.74712870762,COMPLETE
468,468,inf,4,1,1,3.2772140015975855,116,0.005019221477281063,129804.99451468566,COMPLETE
469,469,inf,4,1,1,3.1507460864749617,60,0.005614981738419982,130665.23922100835,COMPLETE
470,470,inf,4,1,1,3.1123294860377535,60,0.009898137617363821,112213.40391582788,COMPLETE
