,number,value,params_batch_size,params_cgcnn_num,params_cgcnn_num2,params_clipnorm,params_embedding_size,params_lr,params_softmax_beta,state
471,471,inf,4,1,5,3.1421713196481336,116,0.009901241798362643,138416.12646709586,COMPLETE
472,472,0.019115455448627472,4,1,1,3.153362467666692,76,0.007939867218950807,61623.38673797442,COMPLETE
473,473,inf,8,1,1,8006.129776848265,116,0.0080758122339207,64588.311692402945,COMPLETE
474,474,inf,8,1,1,3.074783372465649,60,0.007959150077578605,76529.44731592324,COMPLETE
475,475,inf,8,1,1,3.37679363069283,112,0.009991486941931004,61997.41351153475,COMPLETE
476,476,inf,4,1,1,2.695561070449107,64,0.009917945894916817,58426.03193786487,COMPLETE
477,477,inf,8,1,1,3.1487126136808317,112,0.008079991143143643,294900.22895519366,COMPLETE
478,478,0.02526301145553589,4,1,1,3.1292639625156116,112,0.009954229894432013,37158.7289096256,COMPLETE
479,479,0.021052148193120956,4,1,1,1.8199856796310385,112,0.009968739724702027,311009.08419188415,COMPLETE
480,480,inf,8,2,1,1.8979855988718841,112,0.003275124602735957,38206.859530061054,COMPLETE
481,481,inf,8,1,1,1.8102826023362653,96,0.002966595093023299,305550.3636567563,COMPLETE
482,482,inf,4,1,1,1.8537497173333206,104,0.007969883422489613,265668.6168814626,COMPLETE
483,483,inf,4,1,1,1.7870821284135798,92,0.0029360617662361373,314119.3831442479,COMPLETE
484,484,inf,4,1,1,1.1517907715830706,104,0.00011555669565971759,180592.9710038027,COMPLETE
485,485,0.015490824356675148,4,1,1,1.120482023053177,76,0.007567988816416428,329090.4133320355,COMPLETE
486,486,inf,56,1,1,1.379400968390653,104,0.00734256128213276,189085.8691728968,COMPLETE
487,487,inf,4,1,1,4.4252905270968625,84,0.006685033344503103,188141.48342102635,COMPLETE
488,488,inf,4,1,1,4.650578046446784,104,0.006476383801201247,88865.96643485245,COMPLETE
489,489,inf,4,1,1,4.337677140081482,104,0.0064281496350391265,77216.40396589434,COMPLETE
490,490,inf,4,1,1,24.61920327288575,104,0.00632051392392956,87792.29137145123,COMPLETE
491,491,inf,4,1,1,4.707734146539729,108,0.00616641730334365,96903.6046125031,COMPLETE
492,492,inf,4,1,1,4.1526876051552835,108,0.006398383557915938,84094.46249869913,COMPLETE
493,493,inf,4,1,1,2.7033377520360915,108,0.0063355023728708625,83842.43741824025,COMPLETE
494,494,inf,4,1,1,2.50339396355443,108,0.007804014766562831,93809.8706803654,COMPLETE
495,495,inf,4,1,1,2.589915813570568,76,5.381187955429313e-06,94550.5564385312,COMPLETE
496,496,inf,4,1,1,2.617880864555637,84,0.003712453337884742,161297.26271001686,COMPLETE
497,497,inf,4,2,1,2.5783909638109908,108,0.003812795153254065,164876.46880250843,COMPLETE
498,498,inf,8,1,1,2.6594274907659825,88,1.1280416343183024e-07,157327.83224266014,COMPLETE
499,499,inf,8,1,1,2.42415883325321,80,0.003459143209654719,60286.23101342334,COMPLETE
